{"/home/abd/Documents/FACG4/week5/Day3/weatherMap/src/router.js":{"path":"/home/abd/Documents/FACG4/week5/Day3/weatherMap/src/router.js","s":{"1":1,"2":1,"3":3,"4":3,"5":3,"6":3,"7":0,"8":3,"9":3,"10":0,"11":0,"12":0,"13":0,"14":0,"15":1},"b":{"1":[0,3],"2":[3,0],"3":[0,0],"4":[0,0]},"f":{},"fnMap":{},"statementMap":{"1":{"start":{"line":1,"column":0},"end":{"line":1,"column":36}},"2":{"start":{"line":3,"column":0},"end":{"line":22,"column":1}},"3":{"start":{"line":4,"column":2},"end":{"line":4,"column":27}},"4":{"start":{"line":5,"column":2},"end":{"line":5,"column":89}},"5":{"start":{"line":6,"column":0},"end":{"line":6,"column":22}},"6":{"start":{"line":8,"column":2},"end":{"line":21,"column":3}},"7":{"start":{"line":9,"column":4},"end":{"line":9,"column":46}},"8":{"start":{"line":11,"column":7},"end":{"line":21,"column":3}},"9":{"start":{"line":12,"column":4},"end":{"line":12,"column":36}},"10":{"start":{"line":13,"column":6},"end":{"line":21,"column":3}},"11":{"start":{"line":14,"column":2},"end":{"line":14,"column":35}},"12":{"start":{"line":15,"column":6},"end":{"line":21,"column":3}},"13":{"start":{"line":16,"column":2},"end":{"line":16,"column":39}},"14":{"start":{"line":20,"column":4},"end":{"line":20,"column":46}},"15":{"start":{"line":24,"column":0},"end":{"line":24,"column":24}}},"branchMap":{"1":{"line":8,"type":"if","locations":[{"start":{"line":8,"column":2},"end":{"line":8,"column":2}},{"start":{"line":8,"column":2},"end":{"line":8,"column":2}}]},"2":{"line":11,"type":"if","locations":[{"start":{"line":11,"column":7},"end":{"line":11,"column":7}},{"start":{"line":11,"column":7},"end":{"line":11,"column":7}}]},"3":{"line":13,"type":"if","locations":[{"start":{"line":13,"column":6},"end":{"line":13,"column":6}},{"start":{"line":13,"column":6},"end":{"line":13,"column":6}}]},"4":{"line":15,"type":"if","locations":[{"start":{"line":15,"column":6},"end":{"line":15,"column":6}},{"start":{"line":15,"column":6},"end":{"line":15,"column":6}}]}}},"/home/abd/Documents/FACG4/week5/Day3/weatherMap/src/logic.js":{"path":"/home/abd/Documents/FACG4/week5/Day3/weatherMap/src/logic.js","s":{"1":1,"2":1,"3":1,"4":1,"5":1,"6":1,"7":0,"8":0,"9":0,"10":0,"11":0,"12":0,"13":1,"14":3,"15":3,"16":3,"17":3,"18":3,"19":1,"20":3,"21":3,"22":3,"23":3,"24":3,"25":3,"26":1,"27":0,"28":0,"29":0,"30":0,"31":0,"32":0,"33":1,"34":0,"35":0,"36":0,"37":0,"38":0,"39":0,"40":1},"b":{"1":[0,0]},"f":{},"fnMap":{},"statementMap":{"1":{"start":{"line":1,"column":0},"end":{"line":1,"column":25}},"2":{"start":{"line":2,"column":0},"end":{"line":2,"column":29}},"3":{"start":{"line":3,"column":0},"end":{"line":3,"column":43}},"4":{"start":{"line":4,"column":0},"end":{"line":4,"column":35}},"5":{"start":{"line":6,"column":0},"end":{"line":13,"column":2}},"6":{"start":{"line":15,"column":0},"end":{"line":25,"column":2}},"7":{"start":{"line":16,"column":2},"end":{"line":16,"column":66}},"8":{"start":{"line":17,"column":2},"end":{"line":17,"column":47}},"9":{"start":{"line":18,"column":2},"end":{"line":20,"column":5}},"10":{"start":{"line":21,"column":2},"end":{"line":24,"column":5}},"11":{"start":{"line":22,"column":4},"end":{"line":22,"column":17}},"12":{"start":{"line":23,"column":4},"end":{"line":23,"column":18}},"13":{"start":{"line":27,"column":0},"end":{"line":35,"column":1}},"14":{"start":{"line":28,"column":2},"end":{"line":28,"column":19}},"15":{"start":{"line":29,"column":2},"end":{"line":31,"column":5}},"16":{"start":{"line":30,"column":4},"end":{"line":30,"column":21}},"17":{"start":{"line":32,"column":2},"end":{"line":34,"column":5}},"18":{"start":{"line":33,"column":4},"end":{"line":33,"column":36}},"19":{"start":{"line":37,"column":0},"end":{"line":48,"column":1}},"20":{"start":{"line":38,"column":2},"end":{"line":38,"column":40}},"21":{"start":{"line":39,"column":2},"end":{"line":39,"column":109}},"22":{"start":{"line":40,"column":2},"end":{"line":47,"column":5}},"23":{"start":{"line":41,"column":4},"end":{"line":41,"column":31}},"24":{"start":{"line":42,"column":4},"end":{"line":44,"column":7}},"25":{"start":{"line":46,"column":4},"end":{"line":46,"column":33}},"26":{"start":{"line":50,"column":0},"end":{"line":59,"column":1}},"27":{"start":{"line":51,"column":2},"end":{"line":51,"column":19}},"28":{"start":{"line":52,"column":2},"end":{"line":54,"column":5}},"29":{"start":{"line":53,"column":4},"end":{"line":53,"column":21}},"30":{"start":{"line":55,"column":2},"end":{"line":58,"column":5}},"31":{"start":{"line":56,"column":4},"end":{"line":56,"column":37}},"32":{"start":{"line":57,"column":4},"end":{"line":57,"column":37}},"33":{"start":{"line":61,"column":0},"end":{"line":69,"column":1}},"34":{"start":{"line":62,"column":2},"end":{"line":62,"column":55}},"35":{"start":{"line":63,"column":2},"end":{"line":63,"column":138}},"36":{"start":{"line":64,"column":2},"end":{"line":68,"column":5}},"37":{"start":{"line":65,"column":4},"end":{"line":65,"column":33}},"38":{"start":{"line":66,"column":4},"end":{"line":66,"column":61}},"39":{"start":{"line":67,"column":4},"end":{"line":67,"column":35}},"40":{"start":{"line":71,"column":0},"end":{"line":76,"column":2}}},"branchMap":{"1":{"line":22,"type":"if","locations":[{"start":{"line":22,"column":4},"end":{"line":22,"column":4}},{"start":{"line":22,"column":4},"end":{"line":22,"column":4}}]}}}}