TN:
SF:/home/abd/Documents/FACG4/week5/Day3/weatherMap/src/router.js
FNF:0
FNH:0
DA:1,1
DA:3,1
DA:4,3
DA:5,3
DA:6,3
DA:8,3
DA:9,0
DA:11,3
DA:12,3
DA:13,0
DA:14,0
DA:15,0
DA:16,0
DA:20,0
DA:24,1
LF:15
LH:9
BRDA:8,1,0,0
BRDA:8,1,1,3
BRDA:11,2,0,3
BRDA:11,2,1,0
BRDA:13,3,0,0
BRDA:13,3,1,0
BRDA:15,4,0,0
BRDA:15,4,1,0
BRF:8
BRH:2
end_of_record
TN:
SF:/home/abd/Documents/FACG4/week5/Day3/weatherMap/src/logic.js
FNF:0
FNH:0
DA:1,1
DA:2,1
DA:3,1
DA:4,1
DA:6,1
DA:15,1
DA:16,0
DA:17,0
DA:18,0
DA:21,0
DA:22,0
DA:23,0
DA:27,1
DA:28,3
DA:29,3
DA:30,3
DA:32,3
DA:33,3
DA:37,1
DA:38,3
DA:39,3
DA:40,3
DA:41,3
DA:42,3
DA:46,3
DA:50,1
DA:51,0
DA:52,0
DA:53,0
DA:55,0
DA:56,0
DA:57,0
DA:61,1
DA:62,0
DA:63,0
DA:64,0
DA:65,0
DA:66,0
DA:67,0
DA:71,1
LF:40
LH:22
BRDA:22,1,0,0
BRDA:22,1,1,0
BRF:2
BRH:0
end_of_record
